<?xml version="1.0" encoding="UTF-8"?>
<testsuite name="com.internship.pairist.service.TaskServiceTest" tests="2" skipped="0" failures="0" errors="0" timestamp="2022-07-08T21:33:00" hostname="joycew1-a01.vmware.com" time="0.075">
  <properties/>
  <testcase name="createTask_createAnotherTask()" classname="com.internship.pairist.service.TaskServiceTest" time="0.067"/>
  <testcase name="createTask_createOneTask()" classname="com.internship.pairist.service.TaskServiceTest" time="0.007"/>
  <system-out><![CDATA[14:32:55.390 [Test worker] DEBUG org.springframework.test.context.BootstrapUtils - Instantiating CacheAwareContextLoaderDelegate from class [org.springframework.test.context.cache.DefaultCacheAwareContextLoaderDelegate]
14:32:55.399 [Test worker] DEBUG org.springframework.test.context.BootstrapUtils - Instantiating BootstrapContext using constructor [public org.springframework.test.context.support.DefaultBootstrapContext(java.lang.Class,org.springframework.test.context.CacheAwareContextLoaderDelegate)]
14:32:55.415 [Test worker] DEBUG org.springframework.test.context.BootstrapUtils - Instantiating TestContextBootstrapper for test class [com.internship.pairist.service.TaskServiceTest] from class [org.springframework.boot.test.context.SpringBootTestContextBootstrapper]
14:32:55.423 [Test worker] INFO org.springframework.boot.test.context.SpringBootTestContextBootstrapper - Neither @ContextConfiguration nor @ContextHierarchy found for test class [com.internship.pairist.service.TaskServiceTest], using SpringBootContextLoader
14:32:55.426 [Test worker] DEBUG org.springframework.test.context.support.AbstractContextLoader - Did not detect default resource location for test class [com.internship.pairist.service.TaskServiceTest]: class path resource [com/internship/pairist/service/TaskServiceTest-context.xml] does not exist
14:32:55.426 [Test worker] DEBUG org.springframework.test.context.support.AbstractContextLoader - Did not detect default resource location for test class [com.internship.pairist.service.TaskServiceTest]: class path resource [com/internship/pairist/service/TaskServiceTestContext.groovy] does not exist
14:32:55.426 [Test worker] INFO org.springframework.test.context.support.AbstractContextLoader - Could not detect default resource locations for test class [com.internship.pairist.service.TaskServiceTest]: no resource found for suffixes {-context.xml, Context.groovy}.
14:32:55.427 [Test worker] INFO org.springframework.test.context.support.AnnotationConfigContextLoaderUtils - Could not detect default configuration classes for test class [com.internship.pairist.service.TaskServiceTest]: TaskServiceTest does not declare any static, non-private, non-final, nested classes annotated with @Configuration.
14:32:55.487 [Test worker] DEBUG org.springframework.test.context.support.ActiveProfilesUtils - Could not find an 'annotation declaring class' for annotation type [org.springframework.test.context.ActiveProfiles] and class [com.internship.pairist.service.TaskServiceTest]
14:32:55.546 [Test worker] DEBUG org.springframework.context.annotation.ClassPathScanningCandidateComponentProvider - Identified candidate component class: file [/Users/joycew1/Desktop/pairist/pairist-backend/build/classes/java/main/com/internship/pairist/PairistApplication.class]
14:32:55.547 [Test worker] INFO org.springframework.boot.test.context.SpringBootTestContextBootstrapper - Found @SpringBootConfiguration com.internship.pairist.PairistApplication for test class com.internship.pairist.service.TaskServiceTest
14:32:55.637 [Test worker] DEBUG org.springframework.boot.test.context.SpringBootTestContextBootstrapper - @TestExecutionListeners is not present for class [com.internship.pairist.service.TaskServiceTest]: using defaults.
14:32:55.638 [Test worker] INFO org.springframework.boot.test.context.SpringBootTestContextBootstrapper - Loaded default TestExecutionListener class names from location [META-INF/spring.factories]: [org.springframework.test.context.web.ServletTestExecutionListener, org.springframework.test.context.support.DirtiesContextBeforeModesTestExecutionListener, org.springframework.test.context.event.ApplicationEventsTestExecutionListener, org.springframework.test.context.support.DependencyInjectionTestExecutionListener, org.springframework.test.context.support.DirtiesContextTestExecutionListener, org.springframework.test.context.transaction.TransactionalTestExecutionListener, org.springframework.test.context.jdbc.SqlScriptsTestExecutionListener, org.springframework.test.context.event.EventPublishingTestExecutionListener, org.springframework.boot.test.autoconfigure.restdocs.RestDocsTestExecutionListener, org.springframework.boot.test.autoconfigure.web.client.MockRestServiceServerResetTestExecutionListener, org.springframework.boot.test.autoconfigure.web.servlet.MockMvcPrintOnlyOnFailureTestExecutionListener, org.springframework.boot.test.autoconfigure.web.servlet.WebDriverTestExecutionListener, org.springframework.boot.test.autoconfigure.webservices.client.MockWebServiceServerTestExecutionListener, org.springframework.boot.test.mock.mockito.MockitoTestExecutionListener, org.springframework.boot.test.mock.mockito.ResetMocksTestExecutionListener]
14:32:55.649 [Test worker] INFO org.springframework.boot.test.context.SpringBootTestContextBootstrapper - Using TestExecutionListeners: [org.springframework.test.context.web.ServletTestExecutionListener@52d10fb8, org.springframework.test.context.support.DirtiesContextBeforeModesTestExecutionListener@41c07648, org.springframework.test.context.event.ApplicationEventsTestExecutionListener@1fe8d51b, org.springframework.boot.test.mock.mockito.MockitoTestExecutionListener@781e7326, org.springframework.boot.test.autoconfigure.SpringBootDependencyInjectionTestExecutionListener@22680f52, org.springframework.test.context.support.DirtiesContextTestExecutionListener@60d84f61, org.springframework.test.context.transaction.TransactionalTestExecutionListener@39c11e6c, org.springframework.test.context.jdbc.SqlScriptsTestExecutionListener@324dcd31, org.springframework.test.context.event.EventPublishingTestExecutionListener@503d56b5, org.springframework.boot.test.autoconfigure.restdocs.RestDocsTestExecutionListener@72bca894, org.springframework.boot.test.autoconfigure.web.client.MockRestServiceServerResetTestExecutionListener@433ffad1, org.springframework.boot.test.autoconfigure.web.servlet.MockMvcPrintOnlyOnFailureTestExecutionListener@1fc793c2, org.springframework.boot.test.autoconfigure.web.servlet.WebDriverTestExecutionListener@2575f671, org.springframework.boot.test.autoconfigure.webservices.client.MockWebServiceServerTestExecutionListener@329a1243, org.springframework.boot.test.mock.mockito.ResetMocksTestExecutionListener@ecf9fb3]

  .   ____          _            __ _ _
 /\\ / ___'_ __ _ _(_)_ __  __ _ \ \ \ \
( ( )\___ | '_ | '_| | '_ \/ _` | \ \ \ \
 \\/  ___)| |_)| | | | | || (_| |  ) ) ) )
  '  |____| .__|_| |_|_| |_\__, | / / / /
 =========|_|==============|___/=/_/_/_/
 :: Spring Boot ::                (v2.7.0)

2022-07-08 14:32:56.004  INFO 44467 --- [    Test worker] c.i.pairist.service.TaskServiceTest      : Starting TaskServiceTest using Java 11.0.15 on joycew1-a01.vmware.com with PID 44467 (started by joycew1 in /Users/joycew1/Desktop/pairist/pairist-backend)
2022-07-08 14:32:56.006  INFO 44467 --- [    Test worker] c.i.pairist.service.TaskServiceTest      : No active profile set, falling back to 1 default profile: "default"
2022-07-08 14:32:56.658  INFO 44467 --- [    Test worker] .s.d.r.c.RepositoryConfigurationDelegate : Bootstrapping Spring Data JPA repositories in DEFAULT mode.
2022-07-08 14:32:56.720  INFO 44467 --- [    Test worker] .s.d.r.c.RepositoryConfigurationDelegate : Finished Spring Data repository scanning in 54 ms. Found 4 JPA repository interfaces.
2022-07-08 14:32:57.754  INFO 44467 --- [    Test worker] o.hibernate.jpa.internal.util.LogHelper  : HHH000204: Processing PersistenceUnitInfo [name: default]
2022-07-08 14:32:57.810  INFO 44467 --- [    Test worker] org.hibernate.Version                    : HHH000412: Hibernate ORM core version 5.6.9.Final
2022-07-08 14:32:57.860  INFO 44467 --- [    Test worker] o.hibernate.annotations.common.Version   : HCANN000001: Hibernate Commons Annotations {5.1.2.Final}
2022-07-08 14:32:57.973  INFO 44467 --- [    Test worker] com.zaxxer.hikari.HikariDataSource       : HikariPool-1 - Starting...
2022-07-08 14:32:58.382  INFO 44467 --- [    Test worker] com.zaxxer.hikari.HikariDataSource       : HikariPool-1 - Start completed.
2022-07-08 14:32:58.412  INFO 44467 --- [    Test worker] org.hibernate.dialect.Dialect            : HHH000400: Using dialect: org.hibernate.dialect.MySQL8Dialect
2022-07-08 14:32:59.171  INFO 44467 --- [    Test worker] o.h.e.t.j.p.i.JtaPlatformInitiator       : HHH000490: Using JtaPlatform implementation: [org.hibernate.engine.transaction.jta.platform.internal.NoJtaPlatform]
2022-07-08 14:32:59.184  INFO 44467 --- [    Test worker] j.LocalContainerEntityManagerFactoryBean : Initialized JPA EntityManagerFactory for persistence unit 'default'
2022-07-08 14:32:59.837  WARN 44467 --- [    Test worker] JpaBaseConfiguration$JpaWebConfiguration : spring.jpa.open-in-view is enabled by default. Therefore, database queries may be performed during view rendering. Explicitly configure spring.jpa.open-in-view to disable this warning
2022-07-08 14:33:00.450  INFO 44467 --- [    Test worker] c.i.pairist.service.TaskServiceTest      : Started TaskServiceTest in 4.763 seconds (JVM running for 5.906)
]]></system-out>
  <system-err><![CDATA[]]></system-err>
</testsuite>
